Arguments: 
  /usr/bin/node /usr/bin/yarn

PATH: 
  /usr/local/sbin:/usr/local/bin:/usr/sbin:/usr/bin:/sbin:/bin:/usr/games:/usr/local/games:/snap/bin

Yarn version: 
  1.22.11

Node version: 
  14.17.6

Platform: 
  linux x64

Trace: 
  Error: ENOENT: no such file or directory, copyfile '/home/zhanchaowu/.cache/yarn/v6/npm-ansi-styles-3.2.1-41fbb20243e50b12be0f04b8dedbf07520ce841d-integrity/node_modules/ansi-styles/index.js' -> '/home/zhanchaowu/文档/github/wzc-mgzx-app/node_modules/@babel/highlight/node_modules/ansi-styles/index.js'

npm manifest: 
  {
    "name": "midway-hooks-react",
    "version": "2.2.3",
    "private": true,
    "scripts": {
      "start": "node bootstrap",
      "dev": "vite",
      "build": "npm run build:client && npm run build:server",
      "build:client": "tsc && vite build",
      "build:server": "mw build",
      "serve": "vite preview",
      "test": "jest"
    },
    "dependencies": {
      "@midwayjs/hooks": "^2.2.2",
      "@midwayjs/koa": "^2.11.0",
      "koa-bodyparser": "^4.3.0",
      "react": "^17.0.0",
      "react-dom": "^17.0.0"
    },
    "devDependencies": {
      "@midwayjs/cli": "^1.2.71",
      "@midwayjs/cli-plugin-build": "^1.2.70",
      "@midwayjs/hooks-testing-library": "^2.2.2",
      "@midwayjs/vite-plugin-hooks": "^2.2.3",
      "@types/jest": "^26.0.23",
      "@types/koa-bodyparser": "^4.3.1",
      "@types/react": "^17.0.11",
      "@types/react-dom": "^17.0.7",
      "@vitejs/plugin-react-refresh": "^1.3.3",
      "jest": "^26.6.3",
      "typescript": "^4.2.4",
      "vite": "^2.3.7"
    }
  }

yarn manifest: 
  No manifest

Lockfile: 
  No lockfile
